-------------------------------------------------------------------------------
Test set: com.imooc.server.ServerApplicationTests
-------------------------------------------------------------------------------
Tests run: 1, Failures: 0, Errors: 1, Skipped: 0, Time elapsed: 2.343 s <<< FAILURE! - in com.imooc.server.ServerApplicationTests
initializationError(com.imooc.server.ServerApplicationTests)  Time elapsed: 0.013 s  <<< ERROR!
java.lang.IllegalStateException: Unable to find a @SpringBootConfiguration, you need to use @ContextConfiguration or @SpringBootTest(classes=...) with your test

