<?xml version="1.0" encoding="UTF-8"?>
<testsuite xmlns:xsi="http://www.w3.org/2001/XMLSchema-instance" xsi:noNamespaceSchemaLocation="https://maven.apache.org/surefire/maven-surefire-plugin/xsd/surefire-test-report.xsd" name="com.imooc.server.ServerApplicationTests" time="2.343" tests="1" errors="1" skipped="0" failures="0">
  <properties>
[...]
</properties>
  <testcase name="initializationError" classname="com.imooc.server.ServerApplicationTests" time="0.013">
    <error message="Unable to find a @SpringBootConfiguration, you need to use @ContextConfiguration or @SpringBootTest(classes=...) with your test" type="java.lang.IllegalStateException">java.lang.IllegalStateException: Unable to find a @SpringBootConfiguration, you need to use @ContextConfiguration or @SpringBootTest(classes=...) with your test
</error>
    <system-out><![CDATA[15:31:56.906 [main] DEBUG org.springframework.test.context.junit4.SpringJUnit4ClassRunner - SpringJUnit4ClassRunner constructor called with [class com.imooc.server.ServerApplicationTests]
15:31:56.993 [main] DEBUG org.springframework.test.context.BootstrapUtils - Instantiating CacheAwareContextLoaderDelegate from class [org.springframework.test.context.cache.DefaultCacheAwareContextLoaderDelegate]
15:31:57.096 [main] DEBUG org.springframework.test.context.BootstrapUtils - Instantiating BootstrapContext using constructor [public org.springframework.test.context.support.DefaultBootstrapContext(java.lang.Class,org.springframework.test.context.CacheAwareContextLoaderDelegate)]
15:31:57.171 [main] DEBUG org.springframework.test.context.BootstrapUtils - Instantiating TestContextBootstrapper for test class [com.imooc.server.ServerApplicationTests] from class [org.springframework.boot.test.context.SpringBootTestContextBootstrapper]
15:31:57.246 [main] INFO org.springframework.boot.test.context.SpringBootTestContextBootstrapper - Neither @ContextConfiguration nor @ContextHierarchy found for test class [com.imooc.server.ServerApplicationTests], using SpringBootContextLoader
15:31:57.282 [main] DEBUG org.springframework.test.context.support.AbstractContextLoader - Did not detect default resource location for test class [com.imooc.server.ServerApplicationTests]: class path resource [com/imooc/server/ServerApplicationTests-context.xml] does not exist
15:31:57.285 [main] DEBUG org.springframework.test.context.support.AbstractContextLoader - Did not detect default resource location for test class [com.imooc.server.ServerApplicationTests]: class path resource [com/imooc/server/ServerApplicationTestsContext.groovy] does not exist
15:31:57.286 [main] INFO org.springframework.test.context.support.AbstractContextLoader - Could not detect default resource locations for test class [com.imooc.server.ServerApplicationTests]: no resource found for suffixes {-context.xml, Context.groovy}.
15:31:57.290 [main] INFO org.springframework.test.context.support.AnnotationConfigContextLoaderUtils - Could not detect default configuration classes for test class [com.imooc.server.ServerApplicationTests]: ServerApplicationTests does not declare any static, non-private, non-final, nested classes annotated with @Configuration.
15:31:57.601 [main] DEBUG org.springframework.test.context.support.ActiveProfilesUtils - Could not find an 'annotation declaring class' for annotation type [org.springframework.test.context.ActiveProfiles] and class [com.imooc.server.ServerApplicationTests]
15:31:57.638 [main] DEBUG org.springframework.core.env.StandardEnvironment - Adding PropertySource 'systemProperties' with lowest search precedence
15:31:57.638 [main] DEBUG org.springframework.core.env.StandardEnvironment - Adding PropertySource 'systemEnvironment' with lowest search precedence
15:31:57.639 [main] DEBUG org.springframework.core.env.StandardEnvironment - Initialized StandardEnvironment with PropertySources [MapPropertySource@1473611564 {name='systemProperties', properties={idea.version=2018.2.5, java.runtime.name=Java(TM) SE Runtime Environment, sun.boot.library.path=D:\software\JDK\jre\bin, java.vm.version=25.60-b23, java.vm.vendor=Oracle Corporation, java.vendor.url=http://java.oracle.com/, path.separator=;, java.vm.name=Java HotSpot(TM) 64-Bit Server VM, file.encoding.pkg=sun.io, user.country=CN, user.script=, sun.java.launcher=SUN_STANDARD, sun.os.patch.level=, java.vm.specification.name=Java Virtual Machine Specification, user.dir=F:\code\projects\SpringCloud_Sell\product\server, java.runtime.version=1.8.0_60-b27, basedir=F:\code\projects\SpringCloud_Sell\product\server, java.awt.graphicsenv=sun.awt.Win32GraphicsEnvironment, java.endorsed.dirs=D:\software\JDK\jre\lib\endorsed, os.arch=amd64, surefire.real.class.path=C:\Users\fxf\AppData\Local\Temp\surefire8197001985698580984\surefirebooter4268244982709356582.jar, java.io.tmpdir=C:\Users\fxf\AppData\Local\Temp\, line.separator=
, java.vm.specification.vendor=Oracle Corporation, user.variant=, os.name=Windows 10, sun.jnu.encoding=GBK, java.library.path=D:\software\JDK\jre\bin;C:\Windows\Sun\Java\bin;C:\Windows\system32;C:\Windows;C:\ProgramData\Oracle\Java\javapath;C:\Windows\system32;C:\Windows;C:\Windows\System32\Wbem;C:\Windows\System32\WindowsPowerShell\v1.0\;C:\Windows\System32\OpenSSH\;D:\software\TortoiseSVN\bin;C:\Program Files\MySQL\MySQL Server 5.6\bin;D:\software\apache-maven-3.3.9\bin;C:\Users\fxf\AppData\Local\Microsoft\WindowsApps;;., surefire.test.class.path=F:\code\projects\SpringCloud_Sell\product\server\target\test-classes;F:\code\projects\SpringCloud_Sell\product\server\target\classes;D:\software\apache-maven-3.3.9\mavenLocalRepository\org\springframework\cloud\spring-cloud-starter-netflix-eureka-client\2.0.2.RELEASE\spring-cloud-starter-netflix-eureka-client-2.0.2.RELEASE.jar;D:\software\apache-maven-3.3.9\mavenLocalRepository\org\springframework\cloud\spring-cloud-starter\2.0.2.RELEASE\spring-cloud-starter-2.0.2.RELEASE.jar;D:\software\apache-maven-3.3.9\mavenLocalRepository\org\springframework\security\spring-security-rsa\1.0.7.RELEASE\spring-security-rsa-1.0.7.RELEASE.jar;D:\software\apache-maven-3.3.9\mavenLocalRepository\org\bouncycastle\bcpkix-jdk15on\1.60\bcpkix-jdk15on-1.60.jar;D:\software\apache-maven-3.3.9\mavenLocalRepository\org\bouncycastle\bcprov-jdk15on\1.60\bcprov-jdk15on-1.60.jar;D:\software\apache-maven-3.3.9\mavenLocalRepository\org\springframework\cloud\spring-cloud-netflix-core\2.0.2.RELEASE\spring-cloud-netflix-core-2.0.2.RELEASE.jar;D:\software\apache-maven-3.3.9\mavenLocalRepository\org\springframework\cloud\spring-cloud-netflix-eureka-client\2.0.2.RELEASE\spring-cloud-netflix-eureka-client-2.0.2.RELEASE.jar;D:\software\apache-maven-3.3.9\mavenLocalRepository\com\netflix\eureka\eureka-client\1.9.3\eureka-client-1.9.3.jar;D:\software\apache-maven-3.3.9\mavenLocalRepository\org\codehaus\jettison\jettison\1.3.7\jettison-1.3.7.jar;D:\software\apache-maven-3.3.9\mavenLocalRepository\stax\stax-api\1.0.1\stax-api-1.0.1.jar;D:\software\apache-maven-3.3.9\mavenLocalRepository\com\netflix\netflix-commons\netflix-eventbus\0.3.0\netflix-eventbus-0.3.0.jar;D:\software\apache-maven-3.3.9\mavenLocalRepository\com\netflix\netflix-commons\netflix-infix\0.3.0\netflix-infix-0.3.0.jar;D:\software\apache-maven-3.3.9\mavenLocalRepository\commons-jxpath\commons-jxpath\1.3\commons-jxpath-1.3.jar;D:\software\apache-maven-3.3.9\mavenLocalRepository\joda-time\joda-time\2.9.9\joda-time-2.9.9.jar;D:\software\apache-maven-3.3.9\mavenLocalRepository\org\antlr\antlr-runtime\3.4\antlr-runtime-3.4.jar;D:\software\apache-maven-3.3.9\mavenLocalRepository\org\antlr\stringtemplate\3.2.1\stringtemplate-3.2.1.jar;D:\software\apache-maven-3.3.9\mavenLocalRepository\com\google\code\gson\gson\2.8.5\gson-2.8.5.jar;D:\software\apache-maven-3.3.9\mavenLocalRepository\org\apache\commons\commons-math\2.2\commons-math-2.2.jar;D:\software\apache-maven-3.3.9\mavenLocalRepository\com\netflix\archaius\archaius-core\0.7.6\archaius-core-0.7.6.jar;D:\software\apache-maven-3.3.9\mavenLocalRepository\com\google\guava\guava\16.0\guava-16.0.jar;D:\software\apache-maven-3.3.9\mavenLocalRepository\javax\ws\rs\jsr311-api\1.1.1\jsr311-api-1.1.1.jar;D:\software\apache-maven-3.3.9\mavenLocalRepository\com\netflix\servo\servo-core\0.12.21\servo-core-0.12.21.jar;D:\software\apache-maven-3.3.9\mavenLocalRepository\com\sun\jersey\jersey-core\1.19.1\jersey-core-1.19.1.jar;D:\software\apache-maven-3.3.9\mavenLocalRepository\com\sun\jersey\jersey-client\1.19.1\jersey-client-1.19.1.jar;D:\software\apache-maven-3.3.9\mavenLocalRepository\com\sun\jersey\contribs\jersey-apache-client4\1.19.1\jersey-apache-client4-1.19.1.jar;D:\software\apache-maven-3.3.9\mavenLocalRepository\org\apache\httpcomponents\httpclient\4.5.6\httpclient-4.5.6.jar;D:\software\apache-maven-3.3.9\mavenLocalRepository\org\apache\httpcomponents\httpcore\4.4.10\httpcore-4.4.10.jar;D:\software\apache-maven-3.3.9\mavenLocalRepository\commons-codec\commons-codec\1.11\commons-codec-1.11.jar;D:\software\apache-maven-3.3.9\mavenLocalRepository\com\google\inject\guice\4.1.0\guice-4.1.0.jar;D:\software\apache-maven-3.3.9\mavenLocalRepository\javax\inject\javax.inject\1\javax.inject-1.jar;D:\software\apache-maven-3.3.9\mavenLocalRepository\aopalliance\aopalliance\1.0\aopalliance-1.0.jar;D:\software\apache-maven-3.3.9\mavenLocalRepository\com\github\vlsi\compactmap\compactmap\1.2.1\compactmap-1.2.1.jar;D:\software\apache-maven-3.3.9\mavenLocalRepository\com\github\andrewoma\dexx\dexx-collections\0.2\dexx-collections-0.2.jar;D:\software\apache-maven-3.3.9\mavenLocalRepository\com\fasterxml\jackson\core\jackson-core\2.9.7\jackson-core-2.9.7.jar;D:\software\apache-maven-3.3.9\mavenLocalRepository\com\netflix\eureka\eureka-core\1.9.3\eureka-core-1.9.3.jar;D:\software\apache-maven-3.3.9\mavenLocalRepository\org\codehaus\woodstox\woodstox-core-asl\4.4.1\woodstox-core-asl-4.4.1.jar;D:\software\apache-maven-3.3.9\mavenLocalRepository\javax\xml\stream\stax-api\1.0-2\stax-api-1.0-2.jar;D:\software\apache-maven-3.3.9\mavenLocalRepository\org\codehaus\woodstox\stax2-api\3.1.4\stax2-api-3.1.4.jar;D:\software\apache-maven-3.3.9\mavenLocalRepository\org\springframework\cloud\spring-cloud-starter-netflix-archaius\2.0.2.RELEASE\spring-cloud-starter-netflix-archaius-2.0.2.RELEASE.jar;D:\software\apache-maven-3.3.9\mavenLocalRepository\org\springframework\cloud\spring-cloud-netflix-ribbon\2.0.2.RELEASE\spring-cloud-netflix-ribbon-2.0.2.RELEASE.jar;D:\software\apache-maven-3.3.9\mavenLocalRepository\org\springframework\cloud\spring-cloud-netflix-archaius\2.0.2.RELEASE\spring-cloud-netflix-archaius-2.0.2.RELEASE.jar;D:\software\apache-maven-3.3.9\mavenLocalRepository\commons-configuration\commons-configuration\1.8\commons-configuration-1.8.jar;D:\software\apache-maven-3.3.9\mavenLocalRepository\commons-lang\commons-lang\2.6\commons-lang-2.6.jar;D:\software\apache-maven-3.3.9\mavenLocalRepository\org\springframework\cloud\spring-cloud-starter-netflix-ribbon\2.0.2.RELEASE\spring-cloud-starter-netflix-ribbon-2.0.2.RELEASE.jar;D:\software\apache-maven-3.3.9\mavenLocalRepository\com\netflix\ribbon\ribbon\2.2.5\ribbon-2.2.5.jar;D:\software\apache-maven-3.3.9\mavenLocalRepository\com\netflix\ribbon\ribbon-transport\2.2.5\ribbon-transport-2.2.5.jar;D:\software\apache-maven-3.3.9\mavenLocalRepository\io\reactivex\rxnetty-contexts\0.4.9\rxnetty-contexts-0.4.9.jar;D:\software\apache-maven-3.3.9\mavenLocalRepository\io\reactivex\rxnetty-servo\0.4.9\rxnetty-servo-0.4.9.jar;D:\software\apache-maven-3.3.9\mavenLocalRepository\com\netflix\hystrix\hystrix-core\1.5.12\hystrix-core-1.5.12.jar;D:\software\apache-maven-3.3.9\mavenLocalRepository\org\hdrhistogram\HdrHistogram\2.1.9\HdrHistogram-2.1.9.jar;D:\software\apache-maven-3.3.9\mavenLocalRepository\io\reactivex\rxnetty\0.4.9\rxnetty-0.4.9.jar;D:\software\apache-maven-3.3.9\mavenLocalRepository\com\netflix\ribbon\ribbon-core\2.2.5\ribbon-core-2.2.5.jar;D:\software\apache-maven-3.3.9\mavenLocalRepository\com\netflix\ribbon\ribbon-httpclient\2.2.5\ribbon-httpclient-2.2.5.jar;D:\software\apache-maven-3.3.9\mavenLocalRepository\commons-collections\commons-collections\3.2.2\commons-collections-3.2.2.jar;D:\software\apache-maven-3.3.9\mavenLocalRepository\com\netflix\netflix-commons\netflix-commons-util\0.3.0\netflix-commons-util-0.3.0.jar;D:\software\apache-maven-3.3.9\mavenLocalRepository\com\netflix\ribbon\ribbon-loadbalancer\2.2.5\ribbon-loadbalancer-2.2.5.jar;D:\software\apache-maven-3.3.9\mavenLocalRepository\com\netflix\netflix-commons\netflix-statistics\0.1.1\netflix-statistics-0.1.1.jar;D:\software\apache-maven-3.3.9\mavenLocalRepository\io\reactivex\rxjava\1.3.8\rxjava-1.3.8.jar;D:\software\apache-maven-3.3.9\mavenLocalRepository\com\netflix\ribbon\ribbon-eureka\2.2.5\ribbon-eureka-2.2.5.jar;D:\software\apache-maven-3.3.9\mavenLocalRepository\org\slf4j\slf4j-api\1.7.25\slf4j-api-1.7.25.jar;D:\software\apache-maven-3.3.9\mavenLocalRepository\com\thoughtworks\xstream\xstream\1.4.10\xstream-1.4.10.jar;D:\software\apache-maven-3.3.9\mavenLocalRepository\xmlpull\xmlpull\1.1.3.1\xmlpull-1.1.3.1.jar;D:\software\apache-maven-3.3.9\mavenLocalRepository\xpp3\xpp3_min\1.1.4c\xpp3_min-1.1.4c.jar;D:\software\apache-maven-3.3.9\mavenLocalRepository\org\springframework\boot\spring-boot-starter-test\2.0.6.RELEASE\spring-boot-starter-test-2.0.6.RELEASE.jar;D:\software\apache-maven-3.3.9\mavenLocalRepository\org\springframework\boot\spring-boot-starter\2.0.6.RELEASE\spring-boot-starter-2.0.6.RELEASE.jar;D:\software\apache-maven-3.3.9\mavenLocalRepository\org\springframework\boot\spring-boot\2.0.6.RELEASE\spring-boot-2.0.6.RELEASE.jar;D:\software\apache-maven-3.3.9\mavenLocalRepository\org\springframework\boot\spring-boot-starter-logging\2.0.6.RELEASE\spring-boot-starter-logging-2.0.6.RELEASE.jar;D:\software\apache-maven-3.3.9\mavenLocalRepository\ch\qos\logback\logback-classic\1.2.3\logback-classic-1.2.3.jar;D:\software\apache-maven-3.3.9\mavenLocalRepository\ch\qos\logback\logback-core\1.2.3\logback-core-1.2.3.jar;D:\software\apache-maven-3.3.9\mavenLocalRepository\org\apache\logging\log4j\log4j-to-slf4j\2.10.0\log4j-to-slf4j-2.10.0.jar;D:\software\apache-maven-3.3.9\mavenLocalRepository\org\apache\logging\log4j\log4j-api\2.10.0\log4j-api-2.10.0.jar;D:\software\apache-maven-3.3.9\mavenLocalRepository\org\slf4j\jul-to-slf4j\1.7.25\jul-to-slf4j-1.7.25.jar;D:\software\apache-maven-3.3.9\mavenLocalRepository\javax\annotation\javax.annotation-api\1.3.2\javax.annotation-api-1.3.2.jar;D:\software\apache-maven-3.3.9\mavenLocalRepository\org\yaml\snakeyaml\1.19\snakeyaml-1.19.jar;D:\software\apache-maven-3.3.9\mavenLocalRepository\org\springframework\boot\spring-boot-test\2.0.6.RELEASE\spring-boot-test-2.0.6.RELEASE.jar;D:\software\apache-maven-3.3.9\mavenLocalRepository\org\springframework\boot\spring-boot-test-autoconfigure\2.0.6.RELEASE\spring-boot-test-autoconfigure-2.0.6.RELEASE.jar;D:\software\apache-maven-3.3.9\mavenLocalRepository\com\jayway\jsonpath\json-path\2.4.0\json-path-2.4.0.jar;D:\software\apache-maven-3.3.9\mavenLocalRepository\net\minidev\json-smart\2.3\json-smart-2.3.jar;D:\software\apache-maven-3.3.9\mavenLocalRepository\net\minidev\accessors-smart\1.2\accessors-smart-1.2.jar;D:\software\apache-maven-3.3.9\mavenLocalRepository\org\ow2\asm\asm\5.0.4\asm-5.0.4.jar;D:\software\apache-maven-3.3.9\mavenLocalRepository\junit\junit\4.12\junit-4.12.jar;D:\software\apache-maven-3.3.9\mavenLocalRepository\org\assertj\assertj-core\3.9.1\assertj-core-3.9.1.jar;D:\software\apache-maven-3.3.9\mavenLocalRepository\org\mockito\mockito-core\2.15.0\mockito-core-2.15.0.jar;D:\software\apache-maven-3.3.9\mavenLocalRepository\net\bytebuddy\byte-buddy\1.7.11\byte-buddy-1.7.11.jar;D:\software\apache-maven-3.3.9\mavenLocalRepository\net\bytebuddy\byte-buddy-agent\1.7.11\byte-buddy-agent-1.7.11.jar;D:\software\apache-maven-3.3.9\mavenLocalRepository\org\objenesis\objenesis\2.6\objenesis-2.6.jar;D:\software\apache-maven-3.3.9\mavenLocalRepository\org\hamcrest\hamcrest-core\1.3\hamcrest-core-1.3.jar;D:\software\apache-maven-3.3.9\mavenLocalRepository\org\hamcrest\hamcrest-library\1.3\hamcrest-library-1.3.jar;D:\software\apache-maven-3.3.9\mavenLocalRepository\org\skyscreamer\jsonassert\1.5.0\jsonassert-1.5.0.jar;D:\software\apache-maven-3.3.9\mavenLocalRepository\com\vaadin\external\google\android-json\0.0.20131108.vaadin1\android-json-0.0.20131108.vaadin1.jar;D:\software\apache-maven-3.3.9\mavenLocalRepository\org\springframework\spring-core\5.0.10.RELEASE\spring-core-5.0.10.RELEASE.jar;D:\software\apache-maven-3.3.9\mavenLocalRepository\org\springframework\spring-jcl\5.0.10.RELEASE\spring-jcl-5.0.10.RELEASE.jar;D:\software\apache-maven-3.3.9\mavenLocalRepository\org\springframework\spring-test\5.0.10.RELEASE\spring-test-5.0.10.RELEASE.jar;D:\software\apache-maven-3.3.9\mavenLocalRepository\org\xmlunit\xmlunit-core\2.5.1\xmlunit-core-2.5.1.jar;D:\software\apache-maven-3.3.9\mavenLocalRepository\org\springframework\boot\spring-boot-starter-data-jpa\2.0.6.RELEASE\spring-boot-starter-data-jpa-2.0.6.RELEASE.jar;D:\software\apache-maven-3.3.9\mavenLocalRepository\org\springframework\boot\spring-boot-starter-aop\2.0.6.RELEASE\spring-boot-starter-aop-2.0.6.RELEASE.jar;D:\software\apache-maven-3.3.9\mavenLocalRepository\org\springframework\spring-aop\5.0.10.RELEASE\spring-aop-5.0.10.RELEASE.jar;D:\software\apache-maven-3.3.9\mavenLocalRepository\org\aspectj\aspectjweaver\1.8.13\aspectjweaver-1.8.13.jar;D:\software\apache-maven-3.3.9\mavenLocalRepository\org\springframework\boot\spring-boot-starter-jdbc\2.0.6.RELEASE\spring-boot-starter-jdbc-2.0.6.RELEASE.jar;D:\software\apache-maven-3.3.9\mavenLocalRepository\com\zaxxer\HikariCP\2.7.9\HikariCP-2.7.9.jar;D:\software\apache-maven-3.3.9\mavenLocalRepository\org\springframework\spring-jdbc\5.0.10.RELEASE\spring-jdbc-5.0.10.RELEASE.jar;D:\software\apache-maven-3.3.9\mavenLocalRepository\javax\transaction\javax.transaction-api\1.2\javax.transaction-api-1.2.jar;D:\software\apache-maven-3.3.9\mavenLocalRepository\org\hibernate\hibernate-core\5.2.17.Final\hibernate-core-5.2.17.Final.jar;D:\software\apache-maven-3.3.9\mavenLocalRepository\org\jboss\logging\jboss-logging\3.3.2.Final\jboss-logging-3.3.2.Final.jar;D:\software\apache-maven-3.3.9\mavenLocalRepository\org\hibernate\javax\persistence\hibernate-jpa-2.1-api\1.0.2.Final\hibernate-jpa-2.1-api-1.0.2.Final.jar;D:\software\apache-maven-3.3.9\mavenLocalRepository\org\javassist\javassist\3.22.0-GA\javassist-3.22.0-GA.jar;D:\software\apache-maven-3.3.9\mavenLocalRepository\antlr\antlr\2.7.7\antlr-2.7.7.jar;D:\software\apache-maven-3.3.9\mavenLocalRepository\org\jboss\jandex\2.0.3.Final\jandex-2.0.3.Final.jar;D:\software\apache-maven-3.3.9\mavenLocalRepository\com\fasterxml\classmate\1.3.4\classmate-1.3.4.jar;D:\software\apache-maven-3.3.9\mavenLocalRepository\dom4j\dom4j\1.6.1\dom4j-1.6.1.jar;D:\software\apache-maven-3.3.9\mavenLocalRepository\org\hibernate\common\hibernate-commons-annotations\5.0.1.Final\hibernate-commons-annotations-5.0.1.Final.jar;D:\software\apache-maven-3.3.9\mavenLocalRepository\org\springframework\data\spring-data-jpa\2.0.11.RELEASE\spring-data-jpa-2.0.11.RELEASE.jar;D:\software\apache-maven-3.3.9\mavenLocalRepository\org\springframework\data\spring-data-commons\2.0.11.RELEASE\spring-data-commons-2.0.11.RELEASE.jar;D:\software\apache-maven-3.3.9\mavenLocalRepository\org\springframework\spring-orm\5.0.10.RELEASE\spring-orm-5.0.10.RELEASE.jar;D:\software\apache-maven-3.3.9\mavenLocalRepository\org\springframework\spring-context\5.0.10.RELEASE\spring-context-5.0.10.RELEASE.jar;D:\software\apache-maven-3.3.9\mavenLocalRepository\org\springframework\spring-expression\5.0.10.RELEASE\spring-expression-5.0.10.RELEASE.jar;D:\software\apache-maven-3.3.9\mavenLocalRepository\org\springframework\spring-tx\5.0.10.RELEASE\spring-tx-5.0.10.RELEASE.jar;D:\software\apache-maven-3.3.9\mavenLocalRepository\org\springframework\spring-beans\5.0.10.RELEASE\spring-beans-5.0.10.RELEASE.jar;D:\software\apache-maven-3.3.9\mavenLocalRepository\org\springframework\spring-aspects\5.0.10.RELEASE\spring-aspects-5.0.10.RELEASE.jar;D:\software\apache-maven-3.3.9\mavenLocalRepository\mysql\mysql-connector-java\5.1.47\mysql-connector-java-5.1.47.jar;D:\software\apache-maven-3.3.9\mavenLocalRepository\org\projectlombok\lombok\1.16.22\lombok-1.16.22.jar;F:\code\projects\SpringCloud_Sell\product\common\target\common-0.0.1-SNAPSHOT.jar;D:\software\apache-maven-3.3.9\mavenLocalRepository\org\springframework\cloud\spring-cloud-config-client\2.0.2.RELEASE\spring-cloud-config-client-2.0.2.RELEASE.jar;D:\software\apache-maven-3.3.9\mavenLocalRepository\org\springframework\boot\spring-boot-autoconfigure\2.0.6.RELEASE\spring-boot-autoconfigure-2.0.6.RELEASE.jar;D:\software\apache-maven-3.3.9\mavenLocalRepository\org\springframework\cloud\spring-cloud-commons\2.0.2.RELEASE\spring-cloud-commons-2.0.2.RELEASE.jar;D:\software\apache-maven-3.3.9\mavenLocalRepository\org\springframework\security\spring-security-crypto\5.0.9.RELEASE\spring-security-crypto-5.0.9.RELEASE.jar;D:\software\apache-maven-3.3.9\mavenLocalRepository\org\springframework\cloud\spring-cloud-context\2.0.2.RELEASE\spring-cloud-context-2.0.2.RELEASE.jar;D:\software\apache-maven-3.3.9\mavenLocalRepository\org\springframework\spring-web\5.0.10.RELEASE\spring-web-5.0.10.RELEASE.jar;D:\software\apache-maven-3.3.9\mavenLocalRepository\com\fasterxml\jackson\core\jackson-annotations\2.9.0\jackson-annotations-2.9.0.jar;D:\software\apache-maven-3.3.9\mavenLocalRepository\com\fasterxml\jackson\core\jackson-databind\2.9.7\jackson-databind-2.9.7.jar;D:\software\apache-maven-3.3.9\mavenLocalRepository\org\springframework\boot\spring-boot-starter-amqp\2.0.6.RELEASE\spring-boot-starter-amqp-2.0.6.RELEASE.jar;D:\software\apache-maven-3.3.9\mavenLocalRepository\org\springframework\spring-messaging\5.0.10.RELEASE\spring-messaging-5.0.10.RELEASE.jar;D:\software\apache-maven-3.3.9\mavenLocalRepository\org\springframework\amqp\spring-rabbit\2.0.8.RELEASE\spring-rabbit-2.0.8.RELEASE.jar;D:\software\apache-maven-3.3.9\mavenLocalRepository\org\springframework\amqp\spring-amqp\2.0.8.RELEASE\spring-amqp-2.0.8.RELEASE.jar;D:\software\apache-maven-3.3.9\mavenLocalRepository\org\springframework\retry\spring-retry\1.2.2.RELEASE\spring-retry-1.2.2.RELEASE.jar;D:\software\apache-maven-3.3.9\mavenLocalRepository\com\rabbitmq\amqp-client\5.4.3\amqp-client-5.4.3.jar;, java.specification.name=Java Platform API Specification, java.class.version=52.0, sun.management.compiler=HotSpot 64-Bit Tiered Compilers, os.version=10.0, user.home=C:\Users\fxf, user.timezone=Asia/Shanghai, java.awt.printerjob=sun.awt.windows.WPrinterJob, file.encoding=GBK, java.specification.version=1.8, java.class.path=F:\code\projects\SpringCloud_Sell\product\server\target\test-classes;F:\code\projects\SpringCloud_Sell\product\server\target\classes;D:\software\apache-maven-3.3.9\mavenLocalRepository\org\springframework\cloud\spring-cloud-starter-netflix-eureka-client\2.0.2.RELEASE\spring-cloud-starter-netflix-eureka-client-2.0.2.RELEASE.jar;D:\software\apache-maven-3.3.9\mavenLocalRepository\org\springframework\cloud\spring-cloud-starter\2.0.2.RELEASE\spring-cloud-starter-2.0.2.RELEASE.jar;D:\software\apache-maven-3.3.9\mavenLocalRepository\org\springframework\security\spring-security-rsa\1.0.7.RELEASE\spring-security-rsa-1.0.7.RELEASE.jar;D:\software\apache-maven-3.3.9\mavenLocalRepository\org\bouncycastle\bcpkix-jdk15on\1.60\bcpkix-jdk15on-1.60.jar;D:\software\apache-maven-3.3.9\mavenLocalRepository\org\bouncycastle\bcprov-jdk15on\1.60\bcprov-jdk15on-1.60.jar;D:\software\apache-maven-3.3.9\mavenLocalRepository\org\springframework\cloud\spring-cloud-netflix-core\2.0.2.RELEASE\spring-cloud-netflix-core-2.0.2.RELEASE.jar;D:\software\apache-maven-3.3.9\mavenLocalRepository\org\springframework\cloud\spring-cloud-netflix-eureka-client\2.0.2.RELEASE\spring-cloud-netflix-eureka-client-2.0.2.RELEASE.jar;D:\software\apache-maven-3.3.9\mavenLocalRepository\com\netflix\eureka\eureka-client\1.9.3\eureka-client-1.9.3.jar;D:\software\apache-maven-3.3.9\mavenLocalRepository\org\codehaus\jettison\jettison\1.3.7\jettison-1.3.7.jar;D:\software\apache-maven-3.3.9\mavenLocalRepository\stax\stax-api\1.0.1\stax-api-1.0.1.jar;D:\software\apache-maven-3.3.9\mavenLocalRepository\com\netflix\netflix-commons\netflix-eventbus\0.3.0\netflix-eventbus-0.3.0.jar;D:\software\apache-maven-3.3.9\mavenLocalRepository\com\netflix\netflix-commons\netflix-infix\0.3.0\netflix-infix-0.3.0.jar;D:\software\apache-maven-3.3.9\mavenLocalRepository\commons-jxpath\commons-jxpath\1.3\commons-jxpath-1.3.jar;D:\software\apache-maven-3.3.9\mavenLocalRepository\joda-time\joda-time\2.9.9\joda-time-2.9.9.jar;D:\software\apache-maven-3.3.9\mavenLocalRepository\org\antlr\antlr-runtime\3.4\antlr-runtime-3.4.jar;D:\software\apache-maven-3.3.9\mavenLocalRepository\org\antlr\stringtemplate\3.2.1\stringtemplate-3.2.1.jar;D:\software\apache-maven-3.3.9\mavenLocalRepository\com\google\code\gson\gson\2.8.5\gson-2.8.5.jar;D:\software\apache-maven-3.3.9\mavenLocalRepository\org\apache\commons\commons-math\2.2\commons-math-2.2.jar;D:\software\apache-maven-3.3.9\mavenLocalRepository\com\netflix\archaius\archaius-core\0.7.6\archaius-core-0.7.6.jar;D:\software\apache-maven-3.3.9\mavenLocalRepository\com\google\guava\guava\16.0\guava-16.0.jar;D:\software\apache-maven-3.3.9\mavenLocalRepository\javax\ws\rs\jsr311-api\1.1.1\jsr311-api-1.1.1.jar;D:\software\apache-maven-3.3.9\mavenLocalRepository\com\netflix\servo\servo-core\0.12.21\servo-core-0.12.21.jar;D:\software\apache-maven-3.3.9\mavenLocalRepository\com\sun\jersey\jersey-core\1.19.1\jersey-core-1.19.1.jar;D:\software\apache-maven-3.3.9\mavenLocalRepository\com\sun\jersey\jersey-client\1.19.1\jersey-client-1.19.1.jar;D:\software\apache-maven-3.3.9\mavenLocalRepository\com\sun\jersey\contribs\jersey-apache-client4\1.19.1\jersey-apache-client4-1.19.1.jar;D:\software\apache-maven-3.3.9\mavenLocalRepository\org\apache\httpcomponents\httpclient\4.5.6\httpclient-4.5.6.jar;D:\software\apache-maven-3.3.9\mavenLocalRepository\org\apache\httpcomponents\httpcore\4.4.10\httpcore-4.4.10.jar;D:\software\apache-maven-3.3.9\mavenLocalRepository\commons-codec\commons-codec\1.11\commons-codec-1.11.jar;D:\software\apache-maven-3.3.9\mavenLocalRepository\com\google\inject\guice\4.1.0\guice-4.1.0.jar;D:\software\apache-maven-3.3.9\mavenLocalRepository\javax\inject\javax.inject\1\javax.inject-1.jar;D:\software\apache-maven-3.3.9\mavenLocalRepository\aopalliance\aopalliance\1.0\aopalliance-1.0.jar;D:\software\apache-maven-3.3.9\mavenLocalRepository\com\github\vlsi\compactmap\compactmap\1.2.1\compactmap-1.2.1.jar;D:\software\apache-maven-3.3.9\mavenLocalRepository\com\github\andrewoma\dexx\dexx-collections\0.2\dexx-collections-0.2.jar;D:\software\apache-maven-3.3.9\mavenLocalRepository\com\fasterxml\jackson\core\jackson-core\2.9.7\jackson-core-2.9.7.jar;D:\software\apache-maven-3.3.9\mavenLocalRepository\com\netflix\eureka\eureka-core\1.9.3\eureka-core-1.9.3.jar;D:\software\apache-maven-3.3.9\mavenLocalRepository\org\codehaus\woodstox\woodstox-core-asl\4.4.1\woodstox-core-asl-4.4.1.jar;D:\software\apache-maven-3.3.9\mavenLocalRepository\javax\xml\stream\stax-api\1.0-2\stax-api-1.0-2.jar;D:\software\apache-maven-3.3.9\mavenLocalRepository\org\codehaus\woodstox\stax2-api\3.1.4\stax2-api-3.1.4.jar;D:\software\apache-maven-3.3.9\mavenLocalRepository\org\springframework\cloud\spring-cloud-starter-netflix-archaius\2.0.2.RELEASE\spring-cloud-starter-netflix-archaius-2.0.2.RELEASE.jar;D:\software\apache-maven-3.3.9\mavenLocalRepository\org\springframework\cloud\spring-cloud-netflix-ribbon\2.0.2.RELEASE\spring-cloud-netflix-ribbon-2.0.2.RELEASE.jar;D:\software\apache-maven-3.3.9\mavenLocalRepository\org\springframework\cloud\spring-cloud-netflix-archaius\2.0.2.RELEASE\spring-cloud-netflix-archaius-2.0.2.RELEASE.jar;D:\software\apache-maven-3.3.9\mavenLocalRepository\commons-configuration\commons-configuration\1.8\commons-configuration-1.8.jar;D:\software\apache-maven-3.3.9\mavenLocalRepository\commons-lang\commons-lang\2.6\commons-lang-2.6.jar;D:\software\apache-maven-3.3.9\mavenLocalRepository\org\springframework\cloud\spring-cloud-starter-netflix-ribbon\2.0.2.RELEASE\spring-cloud-starter-netflix-ribbon-2.0.2.RELEASE.jar;D:\software\apache-maven-3.3.9\mavenLocalRepository\com\netflix\ribbon\ribbon\2.2.5\ribbon-2.2.5.jar;D:\software\apache-maven-3.3.9\mavenLocalRepository\com\netflix\ribbon\ribbon-transport\2.2.5\ribbon-transport-2.2.5.jar;D:\software\apache-maven-3.3.9\mavenLocalRepository\io\reactivex\rxnetty-contexts\0.4.9\rxnetty-contexts-0.4.9.jar;D:\software\apache-maven-3.3.9\mavenLocalRepository\io\reactivex\rxnetty-servo\0.4.9\rxnetty-servo-0.4.9.jar;D:\software\apache-maven-3.3.9\mavenLocalRepository\com\netflix\hystrix\hystrix-core\1.5.12\hystrix-core-1.5.12.jar;D:\software\apache-maven-3.3.9\mavenLocalRepository\org\hdrhistogram\HdrHistogram\2.1.9\HdrHistogram-2.1.9.jar;D:\software\apache-maven-3.3.9\mavenLocalRepository\io\reactivex\rxnetty\0.4.9\rxnetty-0.4.9.jar;D:\software\apache-maven-3.3.9\mavenLocalRepository\com\netflix\ribbon\ribbon-core\2.2.5\ribbon-core-2.2.5.jar;D:\software\apache-maven-3.3.9\mavenLocalRepository\com\netflix\ribbon\ribbon-httpclient\2.2.5\ribbon-httpclient-2.2.5.jar;D:\software\apache-maven-3.3.9\mavenLocalRepository\commons-collections\commons-collections\3.2.2\commons-collections-3.2.2.jar;D:\software\apache-maven-3.3.9\mavenLocalRepository\com\netflix\netflix-commons\netflix-commons-util\0.3.0\netflix-commons-util-0.3.0.jar;D:\software\apache-maven-3.3.9\mavenLocalRepository\com\netflix\ribbon\ribbon-loadbalancer\2.2.5\ribbon-loadbalancer-2.2.5.jar;D:\software\apache-maven-3.3.9\mavenLocalRepository\com\netflix\netflix-commons\netflix-statistics\0.1.1\netflix-statistics-0.1.1.jar;D:\software\apache-maven-3.3.9\mavenLocalRepository\io\reactivex\rxjava\1.3.8\rxjava-1.3.8.jar;D:\software\apache-maven-3.3.9\mavenLocalRepository\com\netflix\ribbon\ribbon-eureka\2.2.5\ribbon-eureka-2.2.5.jar;D:\software\apache-maven-3.3.9\mavenLocalRepository\org\slf4j\slf4j-api\1.7.25\slf4j-api-1.7.25.jar;D:\software\apache-maven-3.3.9\mavenLocalRepository\com\thoughtworks\xstream\xstream\1.4.10\xstream-1.4.10.jar;D:\software\apache-maven-3.3.9\mavenLocalRepository\xmlpull\xmlpull\1.1.3.1\xmlpull-1.1.3.1.jar;D:\software\apache-maven-3.3.9\mavenLocalRepository\xpp3\xpp3_min\1.1.4c\xpp3_min-1.1.4c.jar;D:\software\apache-maven-3.3.9\mavenLocalRepository\org\springframework\boot\spring-boot-starter-test\2.0.6.RELEASE\spring-boot-starter-test-2.0.6.RELEASE.jar;D:\software\apache-maven-3.3.9\mavenLocalRepository\org\springframework\boot\spring-boot-starter\2.0.6.RELEASE\spring-boot-starter-2.0.6.RELEASE.jar;D:\software\apache-maven-3.3.9\mavenLocalRepository\org\springframework\boot\spring-boot\2.0.6.RELEASE\spring-boot-2.0.6.RELEASE.jar;D:\software\apache-maven-3.3.9\mavenLocalRepository\org\springframework\boot\spring-boot-starter-logging\2.0.6.RELEASE\spring-boot-starter-logging-2.0.6.RELEASE.jar;D:\software\apache-maven-3.3.9\mavenLocalRepository\ch\qos\logback\logback-classic\1.2.3\logback-classic-1.2.3.jar;D:\software\apache-maven-3.3.9\mavenLocalRepository\ch\qos\logback\logback-core\1.2.3\logback-core-1.2.3.jar;D:\software\apache-maven-3.3.9\mavenLocalRepository\org\apache\logging\log4j\log4j-to-slf4j\2.10.0\log4j-to-slf4j-2.10.0.jar;D:\software\apache-maven-3.3.9\mavenLocalRepository\org\apache\logging\log4j\log4j-api\2.10.0\log4j-api-2.10.0.jar;D:\software\apache-maven-3.3.9\mavenLocalRepository\org\slf4j\jul-to-slf4j\1.7.25\jul-to-slf4j-1.7.25.jar;D:\software\apache-maven-3.3.9\mavenLocalRepository\javax\annotation\javax.annotation-api\1.3.2\javax.annotation-api-1.3.2.jar;D:\software\apache-maven-3.3.9\mavenLocalRepository\org\yaml\snakeyaml\1.19\snakeyaml-1.19.jar;D:\software\apache-maven-3.3.9\mavenLocalRepository\org\springframework\boot\spring-boot-test\2.0.6.RELEASE\spring-boot-test-2.0.6.RELEASE.jar;D:\software\apache-maven-3.3.9\mavenLocalRepository\org\springframework\boot\spring-boot-test-autoconfigure\2.0.6.RELEASE\spring-boot-test-autoconfigure-2.0.6.RELEASE.jar;D:\software\apache-maven-3.3.9\mavenLocalRepository\com\jayway\jsonpath\json-path\2.4.0\json-path-2.4.0.jar;D:\software\apache-maven-3.3.9\mavenLocalRepository\net\minidev\json-smart\2.3\json-smart-2.3.jar;D:\software\apache-maven-3.3.9\mavenLocalRepository\net\minidev\accessors-smart\1.2\accessors-smart-1.2.jar;D:\software\apache-maven-3.3.9\mavenLocalRepository\org\ow2\asm\asm\5.0.4\asm-5.0.4.jar;D:\software\apache-maven-3.3.9\mavenLocalRepository\junit\junit\4.12\junit-4.12.jar;D:\software\apache-maven-3.3.9\mavenLocalRepository\org\assertj\assertj-core\3.9.1\assertj-core-3.9.1.jar;D:\software\apache-maven-3.3.9\mavenLocalRepository\org\mockito\mockito-core\2.15.0\mockito-core-2.15.0.jar;D:\software\apache-maven-3.3.9\mavenLocalRepository\net\bytebuddy\byte-buddy\1.7.11\byte-buddy-1.7.11.jar;D:\software\apache-maven-3.3.9\mavenLocalRepository\net\bytebuddy\byte-buddy-agent\1.7.11\byte-buddy-agent-1.7.11.jar;D:\software\apache-maven-3.3.9\mavenLocalRepository\org\objenesis\objenesis\2.6\objenesis-2.6.jar;D:\software\apache-maven-3.3.9\mavenLocalRepository\org\hamcrest\hamcrest-core\1.3\hamcrest-core-1.3.jar;D:\software\apache-maven-3.3.9\mavenLocalRepository\org\hamcrest\hamcrest-library\1.3\hamcrest-library-1.3.jar;D:\software\apache-maven-3.3.9\mavenLocalRepository\org\skyscreamer\jsonassert\1.5.0\jsonassert-1.5.0.jar;D:\software\apache-maven-3.3.9\mavenLocalRepository\com\vaadin\external\google\android-json\0.0.20131108.vaadin1\android-json-0.0.20131108.vaadin1.jar;D:\software\apache-maven-3.3.9\mavenLocalRepository\org\springframework\spring-core\5.0.10.RELEASE\spring-core-5.0.10.RELEASE.jar;D:\software\apache-maven-3.3.9\mavenLocalRepository\org\springframework\spring-jcl\5.0.10.RELEASE\spring-jcl-5.0.10.RELEASE.jar;D:\software\apache-maven-3.3.9\mavenLocalRepository\org\springframework\spring-test\5.0.10.RELEASE\spring-test-5.0.10.RELEASE.jar;D:\software\apache-maven-3.3.9\mavenLocalRepository\org\xmlunit\xmlunit-core\2.5.1\xmlunit-core-2.5.1.jar;D:\software\apache-maven-3.3.9\mavenLocalRepository\org\springframework\boot\spring-boot-starter-data-jpa\2.0.6.RELEASE\spring-boot-starter-data-jpa-2.0.6.RELEASE.jar;D:\software\apache-maven-3.3.9\mavenLocalRepository\org\springframework\boot\spring-boot-starter-aop\2.0.6.RELEASE\spring-boot-starter-aop-2.0.6.RELEASE.jar;D:\software\apache-maven-3.3.9\mavenLocalRepository\org\springframework\spring-aop\5.0.10.RELEASE\spring-aop-5.0.10.RELEASE.jar;D:\software\apache-maven-3.3.9\mavenLocalRepository\org\aspectj\aspectjweaver\1.8.13\aspectjweaver-1.8.13.jar;D:\software\apache-maven-3.3.9\mavenLocalRepository\org\springframework\boot\spring-boot-starter-jdbc\2.0.6.RELEASE\spring-boot-starter-jdbc-2.0.6.RELEASE.jar;D:\software\apache-maven-3.3.9\mavenLocalRepository\com\zaxxer\HikariCP\2.7.9\HikariCP-2.7.9.jar;D:\software\apache-maven-3.3.9\mavenLocalRepository\org\springframework\spring-jdbc\5.0.10.RELEASE\spring-jdbc-5.0.10.RELEASE.jar;D:\software\apache-maven-3.3.9\mavenLocalRepository\javax\transaction\javax.transaction-api\1.2\javax.transaction-api-1.2.jar;D:\software\apache-maven-3.3.9\mavenLocalRepository\org\hibernate\hibernate-core\5.2.17.Final\hibernate-core-5.2.17.Final.jar;D:\software\apache-maven-3.3.9\mavenLocalRepository\org\jboss\logging\jboss-logging\3.3.2.Final\jboss-logging-3.3.2.Final.jar;D:\software\apache-maven-3.3.9\mavenLocalRepository\org\hibernate\javax\persistence\hibernate-jpa-2.1-api\1.0.2.Final\hibernate-jpa-2.1-api-1.0.2.Final.jar;D:\software\apache-maven-3.3.9\mavenLocalRepository\org\javassist\javassist\3.22.0-GA\javassist-3.22.0-GA.jar;D:\software\apache-maven-3.3.9\mavenLocalRepository\antlr\antlr\2.7.7\antlr-2.7.7.jar;D:\software\apache-maven-3.3.9\mavenLocalRepository\org\jboss\jandex\2.0.3.Final\jandex-2.0.3.Final.jar;D:\software\apache-maven-3.3.9\mavenLocalRepository\com\fasterxml\classmate\1.3.4\classmate-1.3.4.jar;D:\software\apache-maven-3.3.9\mavenLocalRepository\dom4j\dom4j\1.6.1\dom4j-1.6.1.jar;D:\software\apache-maven-3.3.9\mavenLocalRepository\org\hibernate\common\hibernate-commons-annotations\5.0.1.Final\hibernate-commons-annotations-5.0.1.Final.jar;D:\software\apache-maven-3.3.9\mavenLocalRepository\org\springframework\data\spring-data-jpa\2.0.11.RELEASE\spring-data-jpa-2.0.11.RELEASE.jar;D:\software\apache-maven-3.3.9\mavenLocalRepository\org\springframework\data\spring-data-commons\2.0.11.RELEASE\spring-data-commons-2.0.11.RELEASE.jar;D:\software\apache-maven-3.3.9\mavenLocalRepository\org\springframework\spring-orm\5.0.10.RELEASE\spring-orm-5.0.10.RELEASE.jar;D:\software\apache-maven-3.3.9\mavenLocalRepository\org\springframework\spring-context\5.0.10.RELEASE\spring-context-5.0.10.RELEASE.jar;D:\software\apache-maven-3.3.9\mavenLocalRepository\org\springframework\spring-expression\5.0.10.RELEASE\spring-expression-5.0.10.RELEASE.jar;D:\software\apache-maven-3.3.9\mavenLocalRepository\org\springframework\spring-tx\5.0.10.RELEASE\spring-tx-5.0.10.RELEASE.jar;D:\software\apache-maven-3.3.9\mavenLocalRepository\org\springframework\spring-beans\5.0.10.RELEASE\spring-beans-5.0.10.RELEASE.jar;D:\software\apache-maven-3.3.9\mavenLocalRepository\org\springframework\spring-aspects\5.0.10.RELEASE\spring-aspects-5.0.10.RELEASE.jar;D:\software\apache-maven-3.3.9\mavenLocalRepository\mysql\mysql-connector-java\5.1.47\mysql-connector-java-5.1.47.jar;D:\software\apache-maven-3.3.9\mavenLocalRepository\org\projectlombok\lombok\1.16.22\lombok-1.16.22.jar;F:\code\projects\SpringCloud_Sell\product\common\target\common-0.0.1-SNAPSHOT.jar;D:\software\apache-maven-3.3.9\mavenLocalRepository\org\springframework\cloud\spring-cloud-config-client\2.0.2.RELEASE\spring-cloud-config-client-2.0.2.RELEASE.jar;D:\software\apache-maven-3.3.9\mavenLocalRepository\org\springframework\boot\spring-boot-autoconfigure\2.0.6.RELEASE\spring-boot-autoconfigure-2.0.6.RELEASE.jar;D:\software\apache-maven-3.3.9\mavenLocalRepository\org\springframework\cloud\spring-cloud-commons\2.0.2.RELEASE\spring-cloud-commons-2.0.2.RELEASE.jar;D:\software\apache-maven-3.3.9\mavenLocalRepository\org\springframework\security\spring-security-crypto\5.0.9.RELEASE\spring-security-crypto-5.0.9.RELEASE.jar;D:\software\apache-maven-3.3.9\mavenLocalRepository\org\springframework\cloud\spring-cloud-context\2.0.2.RELEASE\spring-cloud-context-2.0.2.RELEASE.jar;D:\software\apache-maven-3.3.9\mavenLocalRepository\org\springframework\spring-web\5.0.10.RELEASE\spring-web-5.0.10.RELEASE.jar;D:\software\apache-maven-3.3.9\mavenLocalRepository\com\fasterxml\jackson\core\jackson-annotations\2.9.0\jackson-annotations-2.9.0.jar;D:\software\apache-maven-3.3.9\mavenLocalRepository\com\fasterxml\jackson\core\jackson-databind\2.9.7\jackson-databind-2.9.7.jar;D:\software\apache-maven-3.3.9\mavenLocalRepository\org\springframework\boot\spring-boot-starter-amqp\2.0.6.RELEASE\spring-boot-starter-amqp-2.0.6.RELEASE.jar;D:\software\apache-maven-3.3.9\mavenLocalRepository\org\springframework\spring-messaging\5.0.10.RELEASE\spring-messaging-5.0.10.RELEASE.jar;D:\software\apache-maven-3.3.9\mavenLocalRepository\org\springframework\amqp\spring-rabbit\2.0.8.RELEASE\spring-rabbit-2.0.8.RELEASE.jar;D:\software\apache-maven-3.3.9\mavenLocalRepository\org\springframework\amqp\spring-amqp\2.0.8.RELEASE\spring-amqp-2.0.8.RELEASE.jar;D:\software\apache-maven-3.3.9\mavenLocalRepository\org\springframework\retry\spring-retry\1.2.2.RELEASE\spring-retry-1.2.2.RELEASE.jar;D:\software\apache-maven-3.3.9\mavenLocalRepository\com\rabbitmq\amqp-client\5.4.3\amqp-client-5.4.3.jar;, user.name=fxf, java.vm.specification.version=1.8, sun.java.command=C:\Users\fxf\AppData\Local\Temp\surefire8197001985698580984\surefirebooter4268244982709356582.jar C:\Users\fxf\AppData\Local\Temp\surefire8197001985698580984 2018-10-26T15-31-50_040-jvmRun1 surefire7251683276019035484tmp surefire_01193204881510617096tmp, java.home=D:\software\JDK\jre, sun.arch.data.model=64, user.language=zh, java.specification.vendor=Oracle Corporation, awt.toolkit=sun.awt.windows.WToolkit, java.vm.info=mixed mode, java.version=1.8.0_60, java.ext.dirs=D:\software\JDK\jre\lib\ext;C:\Windows\Sun\Java\lib\ext, sun.boot.class.path=D:\software\JDK\jre\lib\resources.jar;D:\software\JDK\jre\lib\rt.jar;D:\software\JDK\jre\lib\sunrsasign.jar;D:\software\JDK\jre\lib\jsse.jar;D:\software\JDK\jre\lib\jce.jar;D:\software\JDK\jre\lib\charsets.jar;D:\software\JDK\jre\lib\jfr.jar;D:\software\JDK\jre\classes, java.vendor=Oracle Corporation, localRepository=D:\software\apache-maven-3.3.9\mavenLocalRepository, file.separator=\, java.vendor.url.bug=http://bugreport.sun.com/bugreport/, sun.io.unicode.encoding=UnicodeLittle, sun.cpu.endian=little, sun.desktop=windows, sun.cpu.isalist=amd64}}, SystemEnvironmentPropertySource@107456312 {name='systemEnvironment', properties={PATH=C:\ProgramData\Oracle\Java\javapath;C:\Windows\system32;C:\Windows;C:\Windows\System32\Wbem;C:\Windows\System32\WindowsPowerShell\v1.0\;C:\Windows\System32\OpenSSH\;D:\software\TortoiseSVN\bin;C:\Program Files\MySQL\MySQL Server 5.6\bin;D:\software\apache-maven-3.3.9\bin;C:\Users\fxf\AppData\Local\Microsoft\WindowsApps;, USERDOMAIN_ROAMINGPROFILE=DESKTOP-Q89VSLU, LOCALAPPDATA=C:\Users\fxf\AppData\Local, PROCESSOR_LEVEL=6, SYSTEMDRIVE=C:, COMMONPROGRAMFILES(X86)=C:\Program Files (x86)\Common Files, USERDOMAIN=DESKTOP-Q89VSLU, FPS_BROWSER_APP_PROFILE_STRING=Internet Explorer, LOGONSERVER=\\DESKTOP-Q89VSLU, JAVA_HOME=D:\software\JDK, PROMPT=$P$G, SESSIONNAME=Console, ALLUSERSPROFILE=C:\ProgramData, PROGRAMFILES(X86)=C:\Program Files (x86), PROCESSOR_ARCHITECTURE=AMD64, DRIVERDATA=C:\Windows\System32\Drivers\DriverData, PROGRAMFILES=C:\Program Files, APPDATA=C:\Users\fxf\AppData\Roaming, MOZ_PLUGIN_PATH=D:\software1\foxit_FoxitReader\Foxit Reader\plugins\, PSMODULEPATH=C:\Program Files\WindowsPowerShell\Modules;C:\Windows\system32\WindowsPowerShell\v1.0\Modules, PROGRAMW6432=C:\Program Files, PROGRAMDATA=C:\ProgramData, SYSTEMROOT=C:\Windows, USERNAME=fxf, FPS_BROWSER_USER_PROFILE_STRING=Default, ONEDRIVE=C:\Users\fxf\OneDrive, PATHEXT=.COM;.EXE;.BAT;.CMD;.VBS;.VBE;.JS;.JSE;.WSF;.WSH;.MSC, OS=Windows_NT, COMMONPROGRAMW6432=C:\Program Files\Common Files, COMPUTERNAME=DESKTOP-Q89VSLU, COMMONPROGRAMFILES=C:\Program Files\Common Files, COMSPEC=C:\Windows\system32\cmd.exe, PROCESSOR_REVISION=8e09, WINDIR=C:\Windows, =F:=F:\code\projects\SpringCloud_Sell\product\server, HOMEPATH=\Users\fxf, TEMP=C:\Users\fxf\AppData\Local\Temp, HOMEDRIVE=C:, PROCESSOR_IDENTIFIER=Intel64 Family 6 Model 142 Stepping 9, GenuineIntel, USERPROFILE=C:\Users\fxf, TMP=C:\Users\fxf\AppData\Local\Temp, PUBLIC=C:\Users\Public, NUMBER_OF_PROCESSORS=4, =::=::\}}]
15:31:57.665 [main] DEBUG org.springframework.core.io.support.PathMatchingResourcePatternResolver - Resolved classpath location [com/imooc/server/] to resources [URL [file:/F:/code/projects/SpringCloud_Sell/product/server/target/test-classes/com/imooc/server/]]
15:31:57.665 [main] DEBUG org.springframework.core.io.support.PathMatchingResourcePatternResolver - Looking for matching resources in directory tree [F:\code\projects\SpringCloud_Sell\product\server\target\test-classes\com\imooc\server]
15:31:57.666 [main] DEBUG org.springframework.core.io.support.PathMatchingResourcePatternResolver - Searching directory [F:\code\projects\SpringCloud_Sell\product\server\target\test-classes\com\imooc\server] for files matching pattern [F:/code/projects/SpringCloud_Sell/product/server/target/test-classes/com/imooc/server/*.class]
15:31:57.668 [main] DEBUG org.springframework.core.io.support.PathMatchingResourcePatternResolver - Resolved location pattern [classpath*:com/imooc/server/*.class] to resources [file [F:\code\projects\SpringCloud_Sell\product\server\target\test-classes\com\imooc\server\ServerApplicationTests.class]]
15:31:57.813 [main] DEBUG org.springframework.core.io.support.PathMatchingResourcePatternResolver - Resolved classpath location [com/imooc/] to resources [URL [file:/F:/code/projects/SpringCloud_Sell/product/server/target/test-classes/com/imooc/], URL [file:/F:/code/projects/SpringCloud_Sell/product/server/target/classes/com/imooc/], URL [jar:file:/F:/code/projects/SpringCloud_Sell/product/common/target/common-0.0.1-SNAPSHOT.jar!/com/imooc/]]
15:31:57.814 [main] DEBUG org.springframework.core.io.support.PathMatchingResourcePatternResolver - Looking for matching resources in directory tree [F:\code\projects\SpringCloud_Sell\product\server\target\test-classes\com\imooc]
15:31:57.815 [main] DEBUG org.springframework.core.io.support.PathMatchingResourcePatternResolver - Searching directory [F:\code\projects\SpringCloud_Sell\product\server\target\test-classes\com\imooc] for files matching pattern [F:/code/projects/SpringCloud_Sell/product/server/target/test-classes/com/imooc/*.class]
15:31:57.817 [main] DEBUG org.springframework.core.io.support.PathMatchingResourcePatternResolver - Looking for matching resources in directory tree [F:\code\projects\SpringCloud_Sell\product\server\target\classes\com\imooc]
15:31:57.817 [main] DEBUG org.springframework.core.io.support.PathMatchingResourcePatternResolver - Searching directory [F:\code\projects\SpringCloud_Sell\product\server\target\classes\com\imooc] for files matching pattern [F:/code/projects/SpringCloud_Sell/product/server/target/classes/com/imooc/*.class]
15:31:57.819 [main] DEBUG org.springframework.core.io.support.PathMatchingResourcePatternResolver - Looking for matching resources in jar file [file:/F:/code/projects/SpringCloud_Sell/product/common/target/common-0.0.1-SNAPSHOT.jar]
15:31:57.820 [main] DEBUG org.springframework.core.io.support.PathMatchingResourcePatternResolver - Resolved location pattern [classpath*:com/imooc/*.class] to resources []
15:31:57.826 [main] DEBUG org.springframework.core.io.support.PathMatchingResourcePatternResolver - Resolved classpath location [com/] to resources [URL [file:/F:/code/projects/SpringCloud_Sell/product/server/target/test-classes/com/], URL [file:/F:/code/projects/SpringCloud_Sell/product/server/target/classes/com/], URL [jar:file:/D:/software/apache-maven-3.3.9/mavenLocalRepository/com/netflix/eureka/eureka-client/1.9.3/eureka-client-1.9.3.jar!/com/], URL [jar:file:/D:/software/apache-maven-3.3.9/mavenLocalRepository/com/netflix/netflix-commons/netflix-eventbus/0.3.0/netflix-eventbus-0.3.0.jar!/com/], URL [jar:file:/D:/software/apache-maven-3.3.9/mavenLocalRepository/com/netflix/netflix-commons/netflix-infix/0.3.0/netflix-infix-0.3.0.jar!/com/], URL [jar:file:/D:/software/apache-maven-3.3.9/mavenLocalRepository/com/google/code/gson/gson/2.8.5/gson-2.8.5.jar!/com/], URL [jar:file:/D:/software/apache-maven-3.3.9/mavenLocalRepository/com/netflix/archaius/archaius-core/0.7.6/archaius-core-0.7.6.jar!/com/], URL [jar:file:/D:/software/apache-maven-3.3.9/mavenLocalRepository/com/google/guava/guava/16.0/guava-16.0.jar!/com/], URL [jar:file:/D:/software/apache-maven-3.3.9/mavenLocalRepository/com/netflix/servo/servo-core/0.12.21/servo-core-0.12.21.jar!/com/], URL [jar:file:/D:/software/apache-maven-3.3.9/mavenLocalRepository/com/sun/jersey/jersey-core/1.19.1/jersey-core-1.19.1.jar!/com/], URL [jar:file:/D:/software/apache-maven-3.3.9/mavenLocalRepository/com/sun/jersey/jersey-client/1.19.1/jersey-client-1.19.1.jar!/com/], URL [jar:file:/D:/software/apache-maven-3.3.9/mavenLocalRepository/com/sun/jersey/contribs/jersey-apache-client4/1.19.1/jersey-apache-client4-1.19.1.jar!/com/], URL [jar:file:/D:/software/apache-maven-3.3.9/mavenLocalRepository/com/google/inject/guice/4.1.0/guice-4.1.0.jar!/com/], URL [jar:file:/D:/software/apache-maven-3.3.9/mavenLocalRepository/com/github/andrewoma/dexx/dexx-collections/0.2/dexx-collections-0.2.jar!/com/], URL [jar:file:/D:/software/apache-maven-3.3.9/mavenLocalRepository/com/fasterxml/jackson/core/jackson-core/2.9.7/jackson-core-2.9.7.jar!/com/], URL [jar:file:/D:/software/apache-maven-3.3.9/mavenLocalRepository/com/netflix/eureka/eureka-core/1.9.3/eureka-core-1.9.3.jar!/com/], URL [jar:file:/D:/software/apache-maven-3.3.9/mavenLocalRepository/org/codehaus/woodstox/woodstox-core-asl/4.4.1/woodstox-core-asl-4.4.1.jar!/com/], URL [jar:file:/D:/software/apache-maven-3.3.9/mavenLocalRepository/com/netflix/ribbon/ribbon/2.2.5/ribbon-2.2.5.jar!/com/], URL [jar:file:/D:/software/apache-maven-3.3.9/mavenLocalRepository/com/netflix/ribbon/ribbon-transport/2.2.5/ribbon-transport-2.2.5.jar!/com/], URL [jar:file:/D:/software/apache-maven-3.3.9/mavenLocalRepository/io/reactivex/rxnetty-contexts/0.4.9/rxnetty-contexts-0.4.9.jar!/com/], URL [jar:file:/D:/software/apache-maven-3.3.9/mavenLocalRepository/com/netflix/hystrix/hystrix-core/1.5.12/hystrix-core-1.5.12.jar!/com/], URL [jar:file:/D:/software/apache-maven-3.3.9/mavenLocalRepository/com/netflix/ribbon/ribbon-core/2.2.5/ribbon-core-2.2.5.jar!/com/], URL [jar:file:/D:/software/apache-maven-3.3.9/mavenLocalRepository/com/netflix/ribbon/ribbon-httpclient/2.2.5/ribbon-httpclient-2.2.5.jar!/com/], URL [jar:file:/D:/software/apache-maven-3.3.9/mavenLocalRepository/com/netflix/netflix-commons/netflix-commons-util/0.3.0/netflix-commons-util-0.3.0.jar!/com/], URL [jar:file:/D:/software/apache-maven-3.3.9/mavenLocalRepository/com/netflix/ribbon/ribbon-loadbalancer/2.2.5/ribbon-loadbalancer-2.2.5.jar!/com/], URL [jar:file:/D:/software/apache-maven-3.3.9/mavenLocalRepository/com/netflix/netflix-commons/netflix-statistics/0.1.1/netflix-statistics-0.1.1.jar!/com/], URL [jar:file:/D:/software/apache-maven-3.3.9/mavenLocalRepository/com/netflix/ribbon/ribbon-eureka/2.2.5/ribbon-eureka-2.2.5.jar!/com/], URL [jar:file:/D:/software/apache-maven-3.3.9/mavenLocalRepository/com/thoughtworks/xstream/xstream/1.4.10/xstream-1.4.10.jar!/com/], URL [jar:file:/D:/software/apache-maven-3.3.9/mavenLocalRepository/com/jayway/jsonpath/json-path/2.4.0/json-path-2.4.0.jar!/com/], URL [jar:file:/D:/software/apache-maven-3.3.9/mavenLocalRepository/com/zaxxer/HikariCP/2.7.9/HikariCP-2.7.9.jar!/com/], URL [jar:file:/D:/software/apache-maven-3.3.9/mavenLocalRepository/com/fasterxml/classmate/1.3.4/classmate-1.3.4.jar!/com/], URL [jar:file:/D:/software/apache-maven-3.3.9/mavenLocalRepository/mysql/mysql-connector-java/5.1.47/mysql-connector-java-5.1.47.jar!/com/], URL [jar:file:/D:/software/apache-maven-3.3.9/mavenLocalRepository/org/projectlombok/lombok/1.16.22/lombok-1.16.22.jar!/com/], URL [jar:file:/F:/code/projects/SpringCloud_Sell/product/common/target/common-0.0.1-SNAPSHOT.jar!/com/], URL [jar:file:/D:/software/apache-maven-3.3.9/mavenLocalRepository/com/fasterxml/jackson/core/jackson-annotations/2.9.0/jackson-annotations-2.9.0.jar!/com/], URL [jar:file:/D:/software/apache-maven-3.3.9/mavenLocalRepository/com/fasterxml/jackson/core/jackson-databind/2.9.7/jackson-databind-2.9.7.jar!/com/], URL [jar:file:/D:/software/apache-maven-3.3.9/mavenLocalRepository/com/rabbitmq/amqp-client/5.4.3/amqp-client-5.4.3.jar!/com/]]
15:31:57.844 [main] DEBUG org.springframework.core.io.support.PathMatchingResourcePatternResolver - Looking for matching resources in directory tree [F:\code\projects\SpringCloud_Sell\product\server\target\test-classes\com]
15:31:57.844 [main] DEBUG org.springframework.core.io.support.PathMatchingResourcePatternResolver - Searching directory [F:\code\projects\SpringCloud_Sell\product\server\target\test-classes\com] for files matching pattern [F:/code/projects/SpringCloud_Sell/product/server/target/test-classes/com/*.class]
15:31:57.847 [main] DEBUG org.springframework.core.io.support.PathMatchingResourcePatternResolver - Looking for matching resources in directory tree [F:\code\projects\SpringCloud_Sell\product\server\target\classes\com]
15:31:57.847 [main] DEBUG org.springframework.core.io.support.PathMatchingResourcePatternResolver - Searching directory [F:\code\projects\SpringCloud_Sell\product\server\target\classes\com] for files matching pattern [F:/code/projects/SpringCloud_Sell/product/server/target/classes/com/*.class]
15:31:57.848 [main] DEBUG org.springframework.core.io.support.PathMatchingResourcePatternResolver - Looking for matching resources in jar file [file:/D:/software/apache-maven-3.3.9/mavenLocalRepository/com/netflix/eureka/eureka-client/1.9.3/eureka-client-1.9.3.jar]
15:31:57.857 [main] DEBUG org.springframework.core.io.support.PathMatchingResourcePatternResolver - Looking for matching resources in jar file [file:/D:/software/apache-maven-3.3.9/mavenLocalRepository/com/netflix/netflix-commons/netflix-eventbus/0.3.0/netflix-eventbus-0.3.0.jar]
15:31:57.858 [main] DEBUG org.springframework.core.io.support.PathMatchingResourcePatternResolver - Looking for matching resources in jar file [file:/D:/software/apache-maven-3.3.9/mavenLocalRepository/com/netflix/netflix-commons/netflix-infix/0.3.0/netflix-infix-0.3.0.jar]
15:31:57.859 [main] DEBUG org.springframework.core.io.support.PathMatchingResourcePatternResolver - Looking for matching resources in jar file [file:/D:/software/apache-maven-3.3.9/mavenLocalRepository/com/google/code/gson/gson/2.8.5/gson-2.8.5.jar]
15:31:57.867 [main] DEBUG org.springframework.core.io.support.PathMatchingResourcePatternResolver - Looking for matching resources in jar file [file:/D:/software/apache-maven-3.3.9/mavenLocalRepository/com/netflix/archaius/archaius-core/0.7.6/archaius-core-0.7.6.jar]
15:31:57.872 [main] DEBUG org.springframework.core.io.support.PathMatchingResourcePatternResolver - Looking for matching resources in jar file [file:/D:/software/apache-maven-3.3.9/mavenLocalRepository/com/google/guava/guava/16.0/guava-16.0.jar]
15:31:57.904 [main] DEBUG org.springframework.core.io.support.PathMatchingResourcePatternResolver - Looking for matching resources in jar file [file:/D:/software/apache-maven-3.3.9/mavenLocalRepository/com/netflix/servo/servo-core/0.12.21/servo-core-0.12.21.jar]
15:31:57.906 [main] DEBUG org.springframework.core.io.support.PathMatchingResourcePatternResolver - Looking for matching resources in jar file [file:/D:/software/apache-maven-3.3.9/mavenLocalRepository/com/sun/jersey/jersey-core/1.19.1/jersey-core-1.19.1.jar]
15:31:57.907 [main] DEBUG org.springframework.core.io.support.PathMatchingResourcePatternResolver - Looking for matching resources in jar file [file:/D:/software/apache-maven-3.3.9/mavenLocalRepository/com/sun/jersey/jersey-client/1.19.1/jersey-client-1.19.1.jar]
15:31:57.908 [main] DEBUG org.springframework.core.io.support.PathMatchingResourcePatternResolver - Looking for matching resources in jar file [file:/D:/software/apache-maven-3.3.9/mavenLocalRepository/com/sun/jersey/contribs/jersey-apache-client4/1.19.1/jersey-apache-client4-1.19.1.jar]
15:31:57.909 [main] DEBUG org.springframework.core.io.support.PathMatchingResourcePatternResolver - Looking for matching resources in jar file [file:/D:/software/apache-maven-3.3.9/mavenLocalRepository/com/google/inject/guice/4.1.0/guice-4.1.0.jar]
15:31:57.921 [main] DEBUG org.springframework.core.io.support.PathMatchingResourcePatternResolver - Looking for matching resources in jar file [file:/D:/software/apache-maven-3.3.9/mavenLocalRepository/com/github/andrewoma/dexx/dexx-collections/0.2/dexx-collections-0.2.jar]
15:31:57.923 [main] DEBUG org.springframework.core.io.support.PathMatchingResourcePatternResolver - Looking for matching resources in jar file [file:/D:/software/apache-maven-3.3.9/mavenLocalRepository/com/fasterxml/jackson/core/jackson-core/2.9.7/jackson-core-2.9.7.jar]
15:31:57.924 [main] DEBUG org.springframework.core.io.support.PathMatchingResourcePatternResolver - Looking for matching resources in jar file [file:/D:/software/apache-maven-3.3.9/mavenLocalRepository/com/netflix/eureka/eureka-core/1.9.3/eureka-core-1.9.3.jar]
15:31:57.925 [main] DEBUG org.springframework.core.io.support.PathMatchingResourcePatternResolver - Looking for matching resources in jar file [file:/D:/software/apache-maven-3.3.9/mavenLocalRepository/org/codehaus/woodstox/woodstox-core-asl/4.4.1/woodstox-core-asl-4.4.1.jar]
15:31:57.926 [main] DEBUG org.springframework.core.io.support.PathMatchingResourcePatternResolver - Looking for matching resources in jar file [file:/D:/software/apache-maven-3.3.9/mavenLocalRepository/com/netflix/ribbon/ribbon/2.2.5/ribbon-2.2.5.jar]
15:31:57.931 [main] DEBUG org.springframework.core.io.support.PathMatchingResourcePatternResolver - Looking for matching resources in jar file [file:/D:/software/apache-maven-3.3.9/mavenLocalRepository/com/netflix/ribbon/ribbon-transport/2.2.5/ribbon-transport-2.2.5.jar]
15:31:57.933 [main] DEBUG org.springframework.core.io.support.PathMatchingResourcePatternResolver - Looking for matching resources in jar file [file:/D:/software/apache-maven-3.3.9/mavenLocalRepository/io/reactivex/rxnetty-contexts/0.4.9/rxnetty-contexts-0.4.9.jar]
15:31:57.935 [main] DEBUG org.springframework.core.io.support.PathMatchingResourcePatternResolver - Looking for matching resources in jar file [file:/D:/software/apache-maven-3.3.9/mavenLocalRepository/com/netflix/hystrix/hystrix-core/1.5.12/hystrix-core-1.5.12.jar]
15:31:57.941 [main] DEBUG org.springframework.core.io.support.PathMatchingResourcePatternResolver - Looking for matching resources in jar file [file:/D:/software/apache-maven-3.3.9/mavenLocalRepository/com/netflix/ribbon/ribbon-core/2.2.5/ribbon-core-2.2.5.jar]
15:31:57.947 [main] DEBUG org.springframework.core.io.support.PathMatchingResourcePatternResolver - Looking for matching resources in jar file [file:/D:/software/apache-maven-3.3.9/mavenLocalRepository/com/netflix/ribbon/ribbon-httpclient/2.2.5/ribbon-httpclient-2.2.5.jar]
15:31:57.948 [main] DEBUG org.springframework.core.io.support.PathMatchingResourcePatternResolver - Looking for matching resources in jar file [file:/D:/software/apache-maven-3.3.9/mavenLocalRepository/com/netflix/netflix-commons/netflix-commons-util/0.3.0/netflix-commons-util-0.3.0.jar]
15:31:57.949 [main] DEBUG org.springframework.core.io.support.PathMatchingResourcePatternResolver - Looking for matching resources in jar file [file:/D:/software/apache-maven-3.3.9/mavenLocalRepository/com/netflix/ribbon/ribbon-loadbalancer/2.2.5/ribbon-loadbalancer-2.2.5.jar]
15:31:57.951 [main] DEBUG org.springframework.core.io.support.PathMatchingResourcePatternResolver - Looking for matching resources in jar file [file:/D:/software/apache-maven-3.3.9/mavenLocalRepository/com/netflix/netflix-commons/netflix-statistics/0.1.1/netflix-statistics-0.1.1.jar]
15:31:57.954 [main] DEBUG org.springframework.core.io.support.PathMatchingResourcePatternResolver - Looking for matching resources in jar file [file:/D:/software/apache-maven-3.3.9/mavenLocalRepository/com/netflix/ribbon/ribbon-eureka/2.2.5/ribbon-eureka-2.2.5.jar]
15:31:57.957 [main] DEBUG org.springframework.core.io.support.PathMatchingResourcePatternResolver - Looking for matching resources in jar file [file:/D:/software/apache-maven-3.3.9/mavenLocalRepository/com/thoughtworks/xstream/xstream/1.4.10/xstream-1.4.10.jar]
15:31:57.963 [main] DEBUG org.springframework.core.io.support.PathMatchingResourcePatternResolver - Looking for matching resources in jar file [file:/D:/software/apache-maven-3.3.9/mavenLocalRepository/com/jayway/jsonpath/json-path/2.4.0/json-path-2.4.0.jar]
15:31:57.965 [main] DEBUG org.springframework.core.io.support.PathMatchingResourcePatternResolver - Looking for matching resources in jar file [file:/D:/software/apache-maven-3.3.9/mavenLocalRepository/com/zaxxer/HikariCP/2.7.9/HikariCP-2.7.9.jar]
15:31:57.966 [main] DEBUG org.springframework.core.io.support.PathMatchingResourcePatternResolver - Looking for matching resources in jar file [file:/D:/software/apache-maven-3.3.9/mavenLocalRepository/com/fasterxml/classmate/1.3.4/classmate-1.3.4.jar]
15:31:57.969 [main] DEBUG org.springframework.core.io.support.PathMatchingResourcePatternResolver - Looking for matching resources in jar file [file:/D:/software/apache-maven-3.3.9/mavenLocalRepository/mysql/mysql-connector-java/5.1.47/mysql-connector-java-5.1.47.jar]
15:31:57.971 [main] DEBUG org.springframework.core.io.support.PathMatchingResourcePatternResolver - Looking for matching resources in jar file [file:/D:/software/apache-maven-3.3.9/mavenLocalRepository/org/projectlombok/lombok/1.16.22/lombok-1.16.22.jar]
15:31:57.974 [main] DEBUG org.springframework.core.io.support.PathMatchingResourcePatternResolver - Looking for matching resources in jar file [file:/F:/code/projects/SpringCloud_Sell/product/common/target/common-0.0.1-SNAPSHOT.jar]
15:31:57.976 [main] DEBUG org.springframework.core.io.support.PathMatchingResourcePatternResolver - Looking for matching resources in jar file [file:/D:/software/apache-maven-3.3.9/mavenLocalRepository/com/fasterxml/jackson/core/jackson-annotations/2.9.0/jackson-annotations-2.9.0.jar]
15:31:57.979 [main] DEBUG org.springframework.core.io.support.PathMatchingResourcePatternResolver - Looking for matching resources in jar file [file:/D:/software/apache-maven-3.3.9/mavenLocalRepository/com/fasterxml/jackson/core/jackson-databind/2.9.7/jackson-databind-2.9.7.jar]
15:31:57.982 [main] DEBUG org.springframework.core.io.support.PathMatchingResourcePatternResolver - Looking for matching resources in jar file [file:/D:/software/apache-maven-3.3.9/mavenLocalRepository/com/rabbitmq/amqp-client/5.4.3/amqp-client-5.4.3.jar]
15:31:57.988 [main] DEBUG org.springframework.core.io.support.PathMatchingResourcePatternResolver - Resolved location pattern [classpath*:com/*.class] to resources []
]]></system-out>
  </testcase>
</testsuite>